<?xml version="1.0" encoding="UTF-8"?>
<testsuite xmlns:xsi="http://www.w3.org/2001/XMLSchema-instance" xsi:noNamespaceSchemaLocation="https://maven.apache.org/surefire/maven-surefire-plugin/xsd/surefire-test-report.xsd" name="com.bookrecommender.AppTest" time="0.119" tests="1" errors="0" skipped="0" failures="0">
  <properties>
    <property name="java.specification.version" value="21"/>
    <property name="sun.cpu.isalist" value="amd64"/>
    <property name="sun.jnu.encoding" value="Cp1252"/>
    <property name="java.class.path" value="C:\Users\giuli\Desktop\BookRecommender\target\test-classes;C:\Users\giuli\Desktop\BookRecommender\target\classes;C:\Users\giuli\.m2\repository\junit\junit\4.11\junit-4.11.jar;C:\Users\giuli\.m2\repository\org\hamcrest\hamcrest-core\1.3\hamcrest-core-1.3.jar;C:\Users\giuli\.m2\repository\org\openjfx\javafx-base\22.0.2\javafx-base-22.0.2-win.jar;C:\Users\giuli\.m2\repository\org\openjfx\javafx-controls\22.0.2\javafx-controls-22.0.2-win.jar;C:\Users\giuli\.m2\repository\org\openjfx\javafx-graphics\22.0.2\javafx-graphics-22.0.2.jar;C:\Users\giuli\.m2\repository\org\openjfx\javafx-graphics\22.0.2\javafx-graphics-22.0.2-win.jar;C:\Users\giuli\.m2\repository\org\openjfx\javafx-base\22.0.2\javafx-base-22.0.2.jar;C:\Users\giuli\.m2\repository\org\openjfx\javafx-fxml\22.0.2\javafx-fxml-22.0.2-win.jar;C:\Users\giuli\.m2\repository\org\openjfx\javafx-controls\22.0.2\javafx-controls-22.0.2.jar;C:\Users\giuli\.m2\repository\org\openjfx\javafx-media\22.0.2\javafx-media-22.0.2-win.jar;C:\Users\giuli\.m2\repository\org\openjfx\javafx-controls\22.0.2\javafx-controls-22.0.2-mac.jar;C:\Users\giuli\.m2\repository\org\openjfx\javafx-fxml\22.0.2\javafx-fxml-22.0.2-mac.jar;C:\Users\giuli\.m2\repository\org\openjfx\javafx-media\22.0.2\javafx-media-22.0.2-mac.jar;C:\Users\giuli\.m2\repository\org\openjfx\javafx-controls\22.0.2\javafx-controls-22.0.2-linux.jar;C:\Users\giuli\.m2\repository\org\openjfx\javafx-fxml\22.0.2\javafx-fxml-22.0.2-linux.jar;C:\Users\giuli\.m2\repository\org\openjfx\javafx-media\22.0.2\javafx-media-22.0.2-linux.jar;C:\Users\giuli\.m2\repository\org\controlsfx\controlsfx\11.2.1\controlsfx-11.2.1.jar;"/>
    <property name="java.vm.vendor" value="Oracle Corporation"/>
    <property name="sun.arch.data.model" value="64"/>
    <property name="user.variant" value=""/>
    <property name="java.vendor.url" value="https://java.oracle.com/"/>
    <property name="user.timezone" value="Europe/Rome"/>
    <property name="os.name" value="Windows 11"/>
    <property name="java.vm.specification.version" value="21"/>
    <property name="sun.java.launcher" value="SUN_STANDARD"/>
    <property name="user.country" value="IT"/>
    <property name="sun.boot.library.path" value="C:\Program Files\Java\jdk-21\bin"/>
    <property name="sun.java.command" value="C:\Users\giuli\AppData\Local\Temp\surefire15487357652260602012\surefirebooter12731809680010657170.jar C:\Users\giuli\AppData\Local\Temp\surefire15487357652260602012 2025-01-07T23-07-05_386-jvmRun1 surefire3201769193336070853tmp surefire_013267055761586446196tmp"/>
    <property name="jdk.debug" value="release"/>
    <property name="surefire.test.class.path" value="C:\Users\giuli\Desktop\BookRecommender\target\test-classes;C:\Users\giuli\Desktop\BookRecommender\target\classes;C:\Users\giuli\.m2\repository\junit\junit\4.11\junit-4.11.jar;C:\Users\giuli\.m2\repository\org\hamcrest\hamcrest-core\1.3\hamcrest-core-1.3.jar;C:\Users\giuli\.m2\repository\org\openjfx\javafx-base\22.0.2\javafx-base-22.0.2-win.jar;C:\Users\giuli\.m2\repository\org\openjfx\javafx-controls\22.0.2\javafx-controls-22.0.2-win.jar;C:\Users\giuli\.m2\repository\org\openjfx\javafx-graphics\22.0.2\javafx-graphics-22.0.2.jar;C:\Users\giuli\.m2\repository\org\openjfx\javafx-graphics\22.0.2\javafx-graphics-22.0.2-win.jar;C:\Users\giuli\.m2\repository\org\openjfx\javafx-base\22.0.2\javafx-base-22.0.2.jar;C:\Users\giuli\.m2\repository\org\openjfx\javafx-fxml\22.0.2\javafx-fxml-22.0.2-win.jar;C:\Users\giuli\.m2\repository\org\openjfx\javafx-controls\22.0.2\javafx-controls-22.0.2.jar;C:\Users\giuli\.m2\repository\org\openjfx\javafx-media\22.0.2\javafx-media-22.0.2-win.jar;C:\Users\giuli\.m2\repository\org\openjfx\javafx-controls\22.0.2\javafx-controls-22.0.2-mac.jar;C:\Users\giuli\.m2\repository\org\openjfx\javafx-fxml\22.0.2\javafx-fxml-22.0.2-mac.jar;C:\Users\giuli\.m2\repository\org\openjfx\javafx-media\22.0.2\javafx-media-22.0.2-mac.jar;C:\Users\giuli\.m2\repository\org\openjfx\javafx-controls\22.0.2\javafx-controls-22.0.2-linux.jar;C:\Users\giuli\.m2\repository\org\openjfx\javafx-fxml\22.0.2\javafx-fxml-22.0.2-linux.jar;C:\Users\giuli\.m2\repository\org\openjfx\javafx-media\22.0.2\javafx-media-22.0.2-linux.jar;C:\Users\giuli\.m2\repository\org\controlsfx\controlsfx\11.2.1\controlsfx-11.2.1.jar;"/>
    <property name="sun.cpu.endian" value="little"/>
    <property name="user.home" value="C:\Users\giuli"/>
    <property name="user.language" value="it"/>
    <property name="java.specification.vendor" value="Oracle Corporation"/>
    <property name="java.version.date" value="2023-09-19"/>
    <property name="java.home" value="C:\Program Files\Java\jdk-21"/>
    <property name="file.separator" value="\"/>
    <property name="basedir" value="C:\Users\giuli\Desktop\BookRecommender"/>
    <property name="java.vm.compressedOopsMode" value="32-bit"/>
    <property name="line.separator" value="&#10;"/>
    <property name="java.vm.specification.vendor" value="Oracle Corporation"/>
    <property name="java.specification.name" value="Java Platform API Specification"/>
    <property name="surefire.real.class.path" value="C:\Users\giuli\AppData\Local\Temp\surefire15487357652260602012\surefirebooter12731809680010657170.jar"/>
    <property name="user.script" value=""/>
    <property name="sun.management.compiler" value="HotSpot 64-Bit Tiered Compilers"/>
    <property name="java.runtime.version" value="21+35-LTS-2513"/>
    <property name="user.name" value="giuli"/>
    <property name="stdout.encoding" value="Cp1252"/>
    <property name="path.separator" value=";"/>
    <property name="os.version" value="10.0"/>
    <property name="java.runtime.name" value="Java(TM) SE Runtime Environment"/>
    <property name="file.encoding" value="UTF-8"/>
    <property name="java.vm.name" value="Java HotSpot(TM) 64-Bit Server VM"/>
    <property name="localRepository" value="C:\Users\giuli\.m2\repository"/>
    <property name="java.vendor.url.bug" value="https://bugreport.java.com/bugreport/"/>
    <property name="java.io.tmpdir" value="C:\Users\giuli\AppData\Local\Temp\"/>
    <property name="java.version" value="21"/>
    <property name="user.dir" value="C:\Users\giuli\Desktop\BookRecommender"/>
    <property name="os.arch" value="amd64"/>
    <property name="java.vm.specification.name" value="Java Virtual Machine Specification"/>
    <property name="sun.os.patch.level" value=""/>
    <property name="native.encoding" value="Cp1252"/>
    <property name="java.library.path" value="C:\Program Files\Java\jdk-21\bin;C:\WINDOWS\Sun\Java\bin;C:\WINDOWS\system32;C:\WINDOWS;C:\Program Files\PowerShell\7;C:\Program Files\Common Files\Oracle\Java\javapath;C:\WINDOWS\system32;C:\WINDOWS;C:\WINDOWS\System32\Wbem;C:\WINDOWS\System32\WindowsPowerShell\v1.0\;C:\WINDOWS\System32\OpenSSH\;C:\Program Files\Java\jdk-21\bin;C:\Program Files\HP\HP One Agent;C:\Program Files\Git\cmd;C:\apache-maven-3.9.9\bin;C:\Program Files\dotnet\;C:\Program Files\PowerShell\7\;C:\Users\giuli\AppData\Local\Microsoft\WindowsApps;C:\Users\giuli\AppData\Local\Programs\Microsoft VS Code\bin;C:\Users\giuli\AppData\Local\GitHubDesktop\bin;."/>
    <property name="java.vm.info" value="mixed mode, sharing"/>
    <property name="stderr.encoding" value="Cp1252"/>
    <property name="java.vendor" value="Oracle Corporation"/>
    <property name="java.vm.version" value="21+35-LTS-2513"/>
    <property name="sun.io.unicode.encoding" value="UnicodeLittle"/>
    <property name="java.class.version" value="65.0"/>
  </properties>
  <testcase name="shouldAnswerWithTrue" classname="com.bookrecommender.AppTest" time="0.006"/>
</testsuite>